2019-01-24 07:26:00	INFO	hifa_antpos::pipeline.infrastructure.basetask::	Starting execution for stage 8
2019-01-24 07:26:00	INFO	hifa_antpos::pipeline.infrastructure.basetask::	Equivalent CASA call: hifa_antpos(pipelinemode="automatic")
2019-01-24 07:26:01	INFO	hifa_antpos::pipeline.infrastructure.jobrequest::	Executing gencal(vis='uid___A002_Xd16a1e_X4327.ms', caltable='uid___A002_Xd16a1e_X4327.ms.hifa_antpos.s8_1.ants.tbl', caltype='antpos', antenna='DA41,DA42,DA43,DA47,DA51,DA52,DA53,DA54,DA55,DA56,DA58,DA59,DA60,DA64,DA65,DV01,DV02,DV03,DV04,DV05,DV06,DV07,DV09,DV10,DV12,DV15,DV18,DV19,DV20,DV22,DV24,DV25', parameter=[-4.17978e-06, 8.42614e-05, 0.000195993, 2.4166e-05, -0.00010953, 2.53716e-05, -0.000135782, 0.000158641, 0.000214613, -1.99839e-05, 7.04722e-05, 0.000131164, -0.000188893, 0.000245222, 0.000272573, 4.90481e-05, -4.31081e-05, -9.25055e-05, 4.32534e-05, -0.000237425, 6.41821e-06, -0.000146798, 0.000203077, 0.000310156, -6.59603e-05, 0.000290705, 0.000301087, -0.000433738, 0.000719149, 0.000349393, -0.000314511, 0.000174569, 8.86055e-06, 0.000502749, -0.0014578, -0.000732474, 6.58138e-05, -0.000367411, 7.66176e-05, 0.000303432, -0.000217143, 3.04603e-05, 2.07708e-05, 6.16191e-05, 0.000180047, 9.82843e-05, 5.56381e-05, 7.11959e-05, -0.000149519, 0.000516135, 7.90674e-05, -0.000180293, 9.4126e-05, 0.00011987, -6.98385e-05, 4.92167e-05, 1.86507e-05, -0.000210263, 6.76543e-05, 5.13657e-05, -3.93339e-05, -0.000173839, -0.000247724, 0.000135343, -0.000326318, 0.000182295, -7.35507e-05, 2.82377e-05, -3.61828e-05, -0.000133259, 7.25398e-05, 0.000292677, -7.29961e-05, -0.000601672, -0.000703765, 1.27209e-05, 0.000100963, 6.05788e-05, -0.000270831, 1.31605e-05, 7.23526e-05, 5.51725e-05, -0.000508086, -0.000479939, -5.37047e-05, 0.0001185, -3.01516e-05, -0.000394383, 4.92148e-05, 0.000365383, -0.000150002, 0.000258181, 2.55317e-05, -0.000324497, -0.000241844, -3.35192e-05])
2019-01-24 07:26:01	INFO	gencal::::	
2019-01-24 07:26:01	INFO	gencal::::+	##########################################
2019-01-24 07:26:01	INFO	gencal::::+	##### Begin Task: gencal             #####
2019-01-24 07:26:01	INFO	gencal::::	gencal(vis="/opt/dared/opt/dared.2018OCT/mnt/dataproc/2017.1.00685.S_2019_01_22T17_35_03.598/SOUS_uid___A001_X1284_X113f/GOUS_uid___A001_X1284_X1140/MOUS_uid___A001_X1284_X1141/working/uid___A002_Xd16a1e_X4327.ms",caltable="/opt/dared/opt/dared.2018OCT/mnt/dataproc/2017.1.00685.S_2019_01_22T17_35_03.598/SOUS_uid___A001_X1284_X113f/GOUS_uid___A001_X1284_X1140/MOUS_uid___A001_X1284_X1141/working/uid___A002_Xd16a1e_X4327.ms.hifa_antpos.s8_1.ants.tbl",caltype="antpos",infile="",spw="",
2019-01-24 07:26:01	INFO	gencal::::+	        antenna="DA41,DA42,DA43,DA47,DA51,DA52,DA53,DA54,DA55,DA56,DA58,DA59,DA60,DA64,DA65,DV01,DV02,DV03,DV04,DV05,DV06,DV07,DV09,DV10,DV12,DV15,DV18,DV19,DV20,DV22,DV24,DV25",pol="",parameter=[-4.17978e-06, 8.42614e-05, 0.000195993, 2.4166e-05, -0.00010953, 2.53716e-05, -0.000135782, 0.000158641, 0.000214613, -1.99839e-05, 7.04722e-05, 0.000131164, -0.000188893, 0.000245222, 0.000272573, 4.90481e-05, -4.31081e-05, -9.25055e-05, 4.32534e-05, -0.000237425, 6.41821e-06, -0.000146798, 0.000203077, 0.000310156, -6.59603e-05, 0.000290705, 0.000301087, -0.000433738, 0.000719149, 0.000349393, -0.000314511, 0.000174569, 8.86055e-06, 0.000502749, -0.0014578, -0.000732474, 6.58138e-05, -0.000367411, 7.66176e-05, 0.000303432, -0.000217143, 3.04603e-05, 2.07708e-05, 6.16191e-05, 0.000180047, 9.82843e-05, 5.56381e-05, 7.11959e-05, -0.000149519, 0.000516135, 7.90674e-05, -0.000180293, 9.4126e-05, 0.00011987, -6.98385e-05, 4.92167e-05, 1.86507e-05, -0.000210263, 6.76543e-05, 5.13657e-05, -3.93339e-05, -0.000173839, -0.000247724, 0.000135343, -0.000326318, 0.000182295, -7.35507e-05, 2.82377e-05, -3.61828e-05, -0.000133259, 7.25398e-05, 0.000292677, -7.29961e-05, -0.000601672, -0.000703765, 1.27209e-05, 0.000100963, 6.05788e-05, -0.000270831, 1.31605e-05, 7.23526e-05, 5.51725e-05, -0.000508086, -0.000479939, -5.37047e-05, 0.0001185, -3.01516e-05, -0.000394383, 4.92148e-05, 0.000365383, -0.000150002, 0.000258181, 2.55317e-05, -0.000324497, -0.000241844, -3.35192e-05],uniform=True)
2019-01-24 07:26:01	INFO	calibrater::open	****Using NEW VI2-driven calibrater tool****
2019-01-24 07:26:01	INFO	calibrater::open	Opening MS: /opt/dared/opt/dared.2018OCT/mnt/dataproc/2017.1.00685.S_2019_01_22T17_35_03.598/SOUS_uid___A001_X1284_X113f/GOUS_uid___A001_X1284_X1140/MOUS_uid___A001_X1284_X1141/working/uid___A002_Xd16a1e_X4327.ms for calibration.
2019-01-24 07:26:01	INFO	Calibrater::	Initializing nominal selection to the whole MS.
2019-01-24 07:26:01	INFO	calibrater::specifycal	Beginning specifycal-----------------------
2019-01-24 07:26:01	INFO		Creating KAntPos Jones table from specified parameters.
2019-01-24 07:26:01	INFO		Writing solutions to table: /opt/dared/opt/dared.2018OCT/mnt/dataproc/2017.1.00685.S_2019_01_22T17_35_03.598/SOUS_uid___A001_X1284_X113f/GOUS_uid___A001_X1284_X1140/MOUS_uid___A001_X1284_X1141/working/uid___A002_Xd16a1e_X4327.ms.hifa_antpos.s8_1.ants.tbl
2019-01-24 07:26:02	INFO	gencal::::	##### End Task: gencal               #####
2019-01-24 07:26:02	INFO	gencal::::+	##########################################
2019-01-24 07:26:04	INFO	pipeline.infrastructure.jobrequest::pipeline.infrastructure.jobrequest::	Executing gencal(vis='uid___A002_Xd1c06f_X545c.ms', caltable='uid___A002_Xd1c06f_X545c.ms.hifa_antpos.s8_2.ants.tbl', caltype='antpos', antenna='DA41,DA50,DA58,DA60,DA64,DV02,DV03,DV15,DV18,DV20,DV22,DV23', parameter=[0.00012982, -7.17387e-05, 4.9993e-05, 1.98674e-05, 0.00028156, -0.000414172, -0.000314511, 0.000174569, 8.86055e-06, 0.000373814, -0.000652411, -0.000183382, 0.000402432, -0.000363143, -0.00014654, -0.000149519, 0.000516135, 7.90674e-05, 0.000349708, -0.000376874, -0.000215131, 0.000191721, -0.000297038, -0.000282421, -1.08305e-05, 0.000235161, 0.000166352, -9.1705e-05, 0.000192499, -0.000139152, -9.23816e-05, 0.000120215, 0.000260383, -4.53492e-05, 0.000319554, -1.87529e-05])
2019-01-24 07:26:04	INFO	gencal::::	
2019-01-24 07:26:04	INFO	gencal::::+	##########################################
2019-01-24 07:26:04	INFO	gencal::::+	##### Begin Task: gencal             #####
2019-01-24 07:26:04	INFO	gencal::::	gencal(vis="/opt/dared/opt/dared.2018OCT/mnt/dataproc/2017.1.00685.S_2019_01_22T17_35_03.598/SOUS_uid___A001_X1284_X113f/GOUS_uid___A001_X1284_X1140/MOUS_uid___A001_X1284_X1141/working/uid___A002_Xd1c06f_X545c.ms",caltable="/opt/dared/opt/dared.2018OCT/mnt/dataproc/2017.1.00685.S_2019_01_22T17_35_03.598/SOUS_uid___A001_X1284_X113f/GOUS_uid___A001_X1284_X1140/MOUS_uid___A001_X1284_X1141/working/uid___A002_Xd1c06f_X545c.ms.hifa_antpos.s8_2.ants.tbl",caltype="antpos",infile="",spw="",
2019-01-24 07:26:04	INFO	gencal::::+	        antenna="DA41,DA50,DA58,DA60,DA64,DV02,DV03,DV15,DV18,DV20,DV22,DV23",pol="",parameter=[0.00012982, -7.17387e-05, 4.9993e-05, 1.98674e-05, 0.00028156, -0.000414172, -0.000314511, 0.000174569, 8.86055e-06, 0.000373814, -0.000652411, -0.000183382, 0.000402432, -0.000363143, -0.00014654, -0.000149519, 0.000516135, 7.90674e-05, 0.000349708, -0.000376874, -0.000215131, 0.000191721, -0.000297038, -0.000282421, -1.08305e-05, 0.000235161, 0.000166352, -9.1705e-05, 0.000192499, -0.000139152, -9.23816e-05, 0.000120215, 0.000260383, -4.53492e-05, 0.000319554, -1.87529e-05],uniform=True)
2019-01-24 07:26:04	INFO	calibrater::open	****Using NEW VI2-driven calibrater tool****
2019-01-24 07:26:04	INFO	calibrater::open	Opening MS: /opt/dared/opt/dared.2018OCT/mnt/dataproc/2017.1.00685.S_2019_01_22T17_35_03.598/SOUS_uid___A001_X1284_X113f/GOUS_uid___A001_X1284_X1140/MOUS_uid___A001_X1284_X1141/working/uid___A002_Xd1c06f_X545c.ms for calibration.
2019-01-24 07:26:04	INFO	Calibrater::	Initializing nominal selection to the whole MS.
2019-01-24 07:26:04	INFO	calibrater::specifycal	Beginning specifycal-----------------------
2019-01-24 07:26:04	INFO		Creating KAntPos Jones table from specified parameters.
2019-01-24 07:26:04	INFO		Writing solutions to table: /opt/dared/opt/dared.2018OCT/mnt/dataproc/2017.1.00685.S_2019_01_22T17_35_03.598/SOUS_uid___A001_X1284_X113f/GOUS_uid___A001_X1284_X1140/MOUS_uid___A001_X1284_X1141/working/uid___A002_Xd1c06f_X545c.ms.hifa_antpos.s8_2.ants.tbl
2019-01-24 07:26:05	INFO	gencal::::	##### End Task: gencal               #####
2019-01-24 07:26:05	INFO	gencal::::+	##########################################
2019-01-24 07:26:07	INFO	pipeline.infrastructure.jobrequest::pipeline.infrastructure.jobrequest::	Executing gencal(vis='uid___A002_Xd3c7c2_Xb7f9.ms', caltable='uid___A002_Xd3c7c2_Xb7f9.ms.hifa_antpos.s8_3.ants.tbl', caltype='antpos', antenna='DA42,DA44,DA47,DA50,DA51,DA52,DA53,DA56,DA58,DA60,DA63,DV01,DV03,DV07,DV08,DV09,DV11,DV12,DV13,DV14,DV16,DV20,DV21,DV24', parameter=[0.000224604, -0.000390648, 0.000142507, -0.000328956, 0.000389547, 0.000177682, -8.19987e-05, 0.000192548, 0.000432459, 4.3809e-05, 0.000463367, -0.000328482, -7.14261e-05, 0.000510145, 6.96295e-05, 2.87479e-05, 0.000222899, 0.000398392, -9.5533e-05, 0.000743401, 0.000405668, 0.000154684, -0.000256723, -0.000110936, 0.000303798, -3.21717e-05, -9.15292e-05, -4.92722e-05, 0.00106082, 0.000381209, 8.93047e-05, 0.000275601, 0.00041689, 0.000114142, 0.000257161, 0.000137618, 0.000116444, 5.87012e-05, 0.000320206, -0.000523887, 0.000435558, 0.000357079, 6.43707e-05, 0.000738078, 0.000146817, 0.000128658, 0.000282411, 0.000213552, 0.000378969, 0.000116852, 0.000196759, -0.000213008, 0.000496962, 0.000274976, -0.000150898, 4.66507e-05, -0.000384234, -0.000134142, 0.000486398, 0.000571929, -0.000129253, 0.000271123, 9.18853e-05, 8.96491e-05, 0.000285331, 0.000311012, 0.000187338, 0.000289517, 8.86265e-05, 9.36012e-05, -0.000210359, -0.000233928])
2019-01-24 07:26:07	INFO	gencal::::	
2019-01-24 07:26:07	INFO	gencal::::+	##########################################
2019-01-24 07:26:07	INFO	gencal::::+	##### Begin Task: gencal             #####
2019-01-24 07:26:07	INFO	gencal::::	gencal(vis="/opt/dared/opt/dared.2018OCT/mnt/dataproc/2017.1.00685.S_2019_01_22T17_35_03.598/SOUS_uid___A001_X1284_X113f/GOUS_uid___A001_X1284_X1140/MOUS_uid___A001_X1284_X1141/working/uid___A002_Xd3c7c2_Xb7f9.ms",caltable="/opt/dared/opt/dared.2018OCT/mnt/dataproc/2017.1.00685.S_2019_01_22T17_35_03.598/SOUS_uid___A001_X1284_X113f/GOUS_uid___A001_X1284_X1140/MOUS_uid___A001_X1284_X1141/working/uid___A002_Xd3c7c2_Xb7f9.ms.hifa_antpos.s8_3.ants.tbl",caltype="antpos",infile="",spw="",
2019-01-24 07:26:07	INFO	gencal::::+	        antenna="DA42,DA44,DA47,DA50,DA51,DA52,DA53,DA56,DA58,DA60,DA63,DV01,DV03,DV07,DV08,DV09,DV11,DV12,DV13,DV14,DV16,DV20,DV21,DV24",pol="",parameter=[0.000224604, -0.000390648, 0.000142507, -0.000328956, 0.000389547, 0.000177682, -8.19987e-05, 0.000192548, 0.000432459, 4.3809e-05, 0.000463367, -0.000328482, -7.14261e-05, 0.000510145, 6.96295e-05, 2.87479e-05, 0.000222899, 0.000398392, -9.5533e-05, 0.000743401, 0.000405668, 0.000154684, -0.000256723, -0.000110936, 0.000303798, -3.21717e-05, -9.15292e-05, -4.92722e-05, 0.00106082, 0.000381209, 8.93047e-05, 0.000275601, 0.00041689, 0.000114142, 0.000257161, 0.000137618, 0.000116444, 5.87012e-05, 0.000320206, -0.000523887, 0.000435558, 0.000357079, 6.43707e-05, 0.000738078, 0.000146817, 0.000128658, 0.000282411, 0.000213552, 0.000378969, 0.000116852, 0.000196759, -0.000213008, 0.000496962, 0.000274976, -0.000150898, 4.66507e-05, -0.000384234, -0.000134142, 0.000486398, 0.000571929, -0.000129253, 0.000271123, 9.18853e-05, 8.96491e-05, 0.000285331, 0.000311012, 0.000187338, 0.000289517, 8.86265e-05, 9.36012e-05, -0.000210359, -0.000233928],uniform=True)
2019-01-24 07:26:07	INFO	calibrater::open	****Using NEW VI2-driven calibrater tool****
2019-01-24 07:26:07	INFO	calibrater::open	Opening MS: /opt/dared/opt/dared.2018OCT/mnt/dataproc/2017.1.00685.S_2019_01_22T17_35_03.598/SOUS_uid___A001_X1284_X113f/GOUS_uid___A001_X1284_X1140/MOUS_uid___A001_X1284_X1141/working/uid___A002_Xd3c7c2_Xb7f9.ms for calibration.
2019-01-24 07:26:08	INFO	Calibrater::	Initializing nominal selection to the whole MS.
2019-01-24 07:26:08	INFO	calibrater::specifycal	Beginning specifycal-----------------------
2019-01-24 07:26:08	INFO		Creating KAntPos Jones table from specified parameters.
2019-01-24 07:26:08	INFO		Writing solutions to table: /opt/dared/opt/dared.2018OCT/mnt/dataproc/2017.1.00685.S_2019_01_22T17_35_03.598/SOUS_uid___A001_X1284_X113f/GOUS_uid___A001_X1284_X1140/MOUS_uid___A001_X1284_X1141/working/uid___A002_Xd3c7c2_Xb7f9.ms.hifa_antpos.s8_3.ants.tbl
2019-01-24 07:26:08	INFO	gencal::::	##### End Task: gencal               #####
2019-01-24 07:26:08	INFO	gencal::::+	##########################################
2019-01-24 07:26:10	INFO	pipeline.infrastructure.jobrequest::pipeline.infrastructure.jobrequest::	Executing gencal(vis='uid___A002_Xd395f6_X1401a.ms', caltable='uid___A002_Xd395f6_X1401a.ms.hifa_antpos.s8_4.ants.tbl', caltype='antpos', antenna='DA42,DA44,DA47,DA50,DA51,DA52,DA53,DA54,DA55,DA56,DA58,DA60,DA63,DV01,DV03,DV07,DV08,DV09,DV11,DV12,DV13,DV14,DV16,DV20,DV21,DV24', parameter=[0.000224604, -0.000390648, 0.000142507, -0.000328956, 0.000389547, 0.000177682, -8.19987e-05, 0.000192548, 0.000432459, 4.3809e-05, 0.000463367, -0.000328482, -7.14261e-05, 0.000510145, 6.96295e-05, 2.87479e-05, 0.000222899, 0.000398392, -9.5533e-05, 0.000743401, 0.000405668, 0.000135582, -0.000566621, -0.00029196, 0.000155584, -0.000586236, 5.43136e-05, 0.000154684, -0.000256723, -0.000110936, 0.000303798, -3.21717e-05, -9.15292e-05, -4.92722e-05, 0.00106082, 0.000381209, 8.93047e-05, 0.000275601, 0.00041689, 0.000114142, 0.000257161, 0.000137618, 0.000116444, 5.87012e-05, 0.000320206, -0.000523887, 0.000435558, 0.000357079, 6.43707e-05, 0.000738078, 0.000146817, 0.000128658, 0.000282411, 0.000213552, 0.000378969, 0.000116852, 0.000196759, -0.000213008, 0.000496962, 0.000274976, -0.000150898, 4.66507e-05, -0.000384234, -0.000134142, 0.000486398, 0.000571929, -0.000129253, 0.000271123, 9.18853e-05, 8.96491e-05, 0.000285331, 0.000311012, 0.000187338, 0.000289517, 8.86265e-05, 9.36012e-05, -0.000210359, -0.000233928])
2019-01-24 07:26:10	INFO	gencal::::	
2019-01-24 07:26:10	INFO	gencal::::+	##########################################
2019-01-24 07:26:10	INFO	gencal::::+	##### Begin Task: gencal             #####
2019-01-24 07:26:10	INFO	gencal::::	gencal(vis="/opt/dared/opt/dared.2018OCT/mnt/dataproc/2017.1.00685.S_2019_01_22T17_35_03.598/SOUS_uid___A001_X1284_X113f/GOUS_uid___A001_X1284_X1140/MOUS_uid___A001_X1284_X1141/working/uid___A002_Xd395f6_X1401a.ms",caltable="/opt/dared/opt/dared.2018OCT/mnt/dataproc/2017.1.00685.S_2019_01_22T17_35_03.598/SOUS_uid___A001_X1284_X113f/GOUS_uid___A001_X1284_X1140/MOUS_uid___A001_X1284_X1141/working/uid___A002_Xd395f6_X1401a.ms.hifa_antpos.s8_4.ants.tbl",caltype="antpos",infile="",spw="",
2019-01-24 07:26:10	INFO	gencal::::+	        antenna="DA42,DA44,DA47,DA50,DA51,DA52,DA53,DA54,DA55,DA56,DA58,DA60,DA63,DV01,DV03,DV07,DV08,DV09,DV11,DV12,DV13,DV14,DV16,DV20,DV21,DV24",pol="",parameter=[0.000224604, -0.000390648, 0.000142507, -0.000328956, 0.000389547, 0.000177682, -8.19987e-05, 0.000192548, 0.000432459, 4.3809e-05, 0.000463367, -0.000328482, -7.14261e-05, 0.000510145, 6.96295e-05, 2.87479e-05, 0.000222899, 0.000398392, -9.5533e-05, 0.000743401, 0.000405668, 0.000135582, -0.000566621, -0.00029196, 0.000155584, -0.000586236, 5.43136e-05, 0.000154684, -0.000256723, -0.000110936, 0.000303798, -3.21717e-05, -9.15292e-05, -4.92722e-05, 0.00106082, 0.000381209, 8.93047e-05, 0.000275601, 0.00041689, 0.000114142, 0.000257161, 0.000137618, 0.000116444, 5.87012e-05, 0.000320206, -0.000523887, 0.000435558, 0.000357079, 6.43707e-05, 0.000738078, 0.000146817, 0.000128658, 0.000282411, 0.000213552, 0.000378969, 0.000116852, 0.000196759, -0.000213008, 0.000496962, 0.000274976, -0.000150898, 4.66507e-05, -0.000384234, -0.000134142, 0.000486398, 0.000571929, -0.000129253, 0.000271123, 9.18853e-05, 8.96491e-05, 0.000285331, 0.000311012, 0.000187338, 0.000289517, 8.86265e-05, 9.36012e-05, -0.000210359, -0.000233928],uniform=True)
2019-01-24 07:26:10	INFO	calibrater::open	****Using NEW VI2-driven calibrater tool****
2019-01-24 07:26:10	INFO	calibrater::open	Opening MS: /opt/dared/opt/dared.2018OCT/mnt/dataproc/2017.1.00685.S_2019_01_22T17_35_03.598/SOUS_uid___A001_X1284_X113f/GOUS_uid___A001_X1284_X1140/MOUS_uid___A001_X1284_X1141/working/uid___A002_Xd395f6_X1401a.ms for calibration.
2019-01-24 07:26:11	INFO	Calibrater::	Initializing nominal selection to the whole MS.
2019-01-24 07:26:11	INFO	calibrater::specifycal	Beginning specifycal-----------------------
2019-01-24 07:26:11	INFO		Creating KAntPos Jones table from specified parameters.
2019-01-24 07:26:11	INFO		Writing solutions to table: /opt/dared/opt/dared.2018OCT/mnt/dataproc/2017.1.00685.S_2019_01_22T17_35_03.598/SOUS_uid___A001_X1284_X113f/GOUS_uid___A001_X1284_X1140/MOUS_uid___A001_X1284_X1141/working/uid___A002_Xd395f6_X1401a.ms.hifa_antpos.s8_4.ants.tbl
2019-01-24 07:26:11	INFO	gencal::::	##### End Task: gencal               #####
2019-01-24 07:26:11	INFO	gencal::::+	##########################################
2019-01-24 07:26:14	INFO	pipeline.infrastructure.jobrequest::pipeline.infrastructure.jobrequest::	Executing gencal(vis='uid___A002_Xd3c7c2_Xa6f1.ms', caltable='uid___A002_Xd3c7c2_Xa6f1.ms.hifa_antpos.s8_5.ants.tbl', caltype='antpos', antenna='DA42,DA44,DA47,DA50,DA51,DA52,DA53,DA56,DA58,DA60,DA63,DV01,DV03,DV07,DV08,DV09,DV11,DV12,DV13,DV14,DV16,DV20,DV21,DV24', parameter=[0.000224604, -0.000390648, 0.000142507, -0.000328956, 0.000389547, 0.000177682, -8.19987e-05, 0.000192548, 0.000432459, 4.3809e-05, 0.000463367, -0.000328482, -7.14261e-05, 0.000510145, 6.96295e-05, 2.87479e-05, 0.000222899, 0.000398392, -9.5533e-05, 0.000743401, 0.000405668, 0.000154684, -0.000256723, -0.000110936, 0.000303798, -3.21717e-05, -9.15292e-05, -4.92722e-05, 0.00106082, 0.000381209, 8.93047e-05, 0.000275601, 0.00041689, 0.000114142, 0.000257161, 0.000137618, 0.000116444, 5.87012e-05, 0.000320206, -0.000523887, 0.000435558, 0.000357079, 6.43707e-05, 0.000738078, 0.000146817, 0.000128658, 0.000282411, 0.000213552, 0.000378969, 0.000116852, 0.000196759, -0.000213008, 0.000496962, 0.000274976, -0.000150898, 4.66507e-05, -0.000384234, -0.000134142, 0.000486398, 0.000571929, -0.000129253, 0.000271123, 9.18853e-05, 8.96491e-05, 0.000285331, 0.000311012, 0.000187338, 0.000289517, 8.86265e-05, 9.36012e-05, -0.000210359, -0.000233928])
2019-01-24 07:26:14	INFO	gencal::::	
2019-01-24 07:26:14	INFO	gencal::::+	##########################################
2019-01-24 07:26:14	INFO	gencal::::+	##### Begin Task: gencal             #####
2019-01-24 07:26:14	INFO	gencal::::	gencal(vis="/opt/dared/opt/dared.2018OCT/mnt/dataproc/2017.1.00685.S_2019_01_22T17_35_03.598/SOUS_uid___A001_X1284_X113f/GOUS_uid___A001_X1284_X1140/MOUS_uid___A001_X1284_X1141/working/uid___A002_Xd3c7c2_Xa6f1.ms",caltable="/opt/dared/opt/dared.2018OCT/mnt/dataproc/2017.1.00685.S_2019_01_22T17_35_03.598/SOUS_uid___A001_X1284_X113f/GOUS_uid___A001_X1284_X1140/MOUS_uid___A001_X1284_X1141/working/uid___A002_Xd3c7c2_Xa6f1.ms.hifa_antpos.s8_5.ants.tbl",caltype="antpos",infile="",spw="",
2019-01-24 07:26:14	INFO	gencal::::+	        antenna="DA42,DA44,DA47,DA50,DA51,DA52,DA53,DA56,DA58,DA60,DA63,DV01,DV03,DV07,DV08,DV09,DV11,DV12,DV13,DV14,DV16,DV20,DV21,DV24",pol="",parameter=[0.000224604, -0.000390648, 0.000142507, -0.000328956, 0.000389547, 0.000177682, -8.19987e-05, 0.000192548, 0.000432459, 4.3809e-05, 0.000463367, -0.000328482, -7.14261e-05, 0.000510145, 6.96295e-05, 2.87479e-05, 0.000222899, 0.000398392, -9.5533e-05, 0.000743401, 0.000405668, 0.000154684, -0.000256723, -0.000110936, 0.000303798, -3.21717e-05, -9.15292e-05, -4.92722e-05, 0.00106082, 0.000381209, 8.93047e-05, 0.000275601, 0.00041689, 0.000114142, 0.000257161, 0.000137618, 0.000116444, 5.87012e-05, 0.000320206, -0.000523887, 0.000435558, 0.000357079, 6.43707e-05, 0.000738078, 0.000146817, 0.000128658, 0.000282411, 0.000213552, 0.000378969, 0.000116852, 0.000196759, -0.000213008, 0.000496962, 0.000274976, -0.000150898, 4.66507e-05, -0.000384234, -0.000134142, 0.000486398, 0.000571929, -0.000129253, 0.000271123, 9.18853e-05, 8.96491e-05, 0.000285331, 0.000311012, 0.000187338, 0.000289517, 8.86265e-05, 9.36012e-05, -0.000210359, -0.000233928],uniform=True)
2019-01-24 07:26:14	INFO	calibrater::open	****Using NEW VI2-driven calibrater tool****
2019-01-24 07:26:14	INFO	calibrater::open	Opening MS: /opt/dared/opt/dared.2018OCT/mnt/dataproc/2017.1.00685.S_2019_01_22T17_35_03.598/SOUS_uid___A001_X1284_X113f/GOUS_uid___A001_X1284_X1140/MOUS_uid___A001_X1284_X1141/working/uid___A002_Xd3c7c2_Xa6f1.ms for calibration.
2019-01-24 07:26:14	INFO	Calibrater::	Initializing nominal selection to the whole MS.
2019-01-24 07:26:14	INFO	calibrater::specifycal	Beginning specifycal-----------------------
2019-01-24 07:26:14	INFO		Creating KAntPos Jones table from specified parameters.
2019-01-24 07:26:14	INFO		Writing solutions to table: /opt/dared/opt/dared.2018OCT/mnt/dataproc/2017.1.00685.S_2019_01_22T17_35_03.598/SOUS_uid___A001_X1284_X113f/GOUS_uid___A001_X1284_X1140/MOUS_uid___A001_X1284_X1141/working/uid___A002_Xd3c7c2_Xa6f1.ms.hifa_antpos.s8_5.ants.tbl
2019-01-24 07:26:14	INFO	gencal::::	##### End Task: gencal               #####
2019-01-24 07:26:14	INFO	gencal::::+	##########################################
2019-01-24 07:26:17	INFO	pipeline.hif.tasks.antpos.antpos::pipeline.hif.tasks.antpos.antpos::	No antenna position offsets are defined
2019-01-24 07:26:17	INFO	pipeline.hif.tasks.antpos.antpos::pipeline.hif.tasks.antpos.antpos::	No antenna position offsets are defined
